<?xml version="1.0" encoding="UTF-8"?>
<testng-results ignored="0" total="2" passed="2" failed="0" skipped="0">
  <reporter-output>
  </reporter-output>
  <suite started-at="2023-01-09T18:28:45 IST" name="Default suite" finished-at="2023-01-09T18:30:09 IST" duration-ms="84260">
    <groups>
    </groups>
    <test started-at="2023-01-09T18:28:45 IST" name="Default test" finished-at="2023-01-09T18:30:09 IST" duration-ms="84260">
      <class name="com.app.test.AppTest">
        <test-method is-config="true" signature="setup()[pri:0, instance:com.app.test.AppTest@428640fa]" started-at="2023-01-09T18:28:45 IST" name="setup" finished-at="2023-01-09T18:28:51 IST" duration-ms="6365" status="PASS">
          <reporter-output>
          </reporter-output>
        </test-method> <!-- setup -->
        <test-method signature="verifyBagMenu()[pri:0, instance:com.app.test.AppTest@428640fa]" started-at="2023-01-09T18:28:51 IST" name="verifyBagMenu" finished-at="2023-01-09T18:29:10 IST" duration-ms="18539" status="PASS">
          <reporter-output>
          </reporter-output>
        </test-method> <!-- verifyBagMenu -->
        <test-method is-config="true" signature="teardown()[pri:0, instance:com.app.test.AppTest@428640fa]" started-at="2023-01-09T18:29:10 IST" name="teardown" finished-at="2023-01-09T18:29:10 IST" duration-ms="366" status="PASS">
          <reporter-output>
          </reporter-output>
        </test-method> <!-- teardown -->
        <test-method is-config="true" signature="setup()[pri:0, instance:com.app.test.AppTest@428640fa]" started-at="2023-01-09T18:29:10 IST" name="setup" finished-at="2023-01-09T18:29:16 IST" duration-ms="5560" status="PASS">
          <reporter-output>
          </reporter-output>
        </test-method> <!-- setup -->
        <test-method signature="verifyUserName()[pri:0, instance:com.app.test.AppTest@428640fa]" started-at="2023-01-09T18:29:16 IST" name="verifyUserName" finished-at="2023-01-09T18:29:53 IST" duration-ms="36962" status="PASS">
          <reporter-output>
          </reporter-output>
        </test-method> <!-- verifyUserName -->
        <test-method is-config="true" signature="teardown()[pri:0, instance:com.app.test.AppTest@428640fa]" started-at="2023-01-09T18:29:53 IST" name="teardown" finished-at="2023-01-09T18:30:09 IST" duration-ms="16424" status="PASS">
          <reporter-output>
          </reporter-output>
        </test-method> <!-- teardown -->
      </class> <!-- com.app.test.AppTest -->
    </test> <!-- Default test -->
  </suite> <!-- Default suite -->
</testng-results>
